Arguments: 
  C:\Program Files\nodejs\node.exe C:\Users\miguel\AppData\Local\Yarn\Data\global\node_modules\yarn\bin\yarn.js --non-interactive --ignore-engines

PATH: 
  C:\Windows\system32;C:\Windows;C:\Windows\System32\Wbem;C:\Windows\System32\WindowsPowerShell\v1.0\;C:\Windows\System32\OpenSSH\;C:\Program Files\Git\cmd;C:\Users\miguel\AppData\Roaming\nvm;C:\Program Files\nodejs;C:\Users\miguel\AppData\Local\Yarn\bin;C:\Program Files\GitHub CLI\;C:\Users\miguel\AppData\Local\Microsoft\WindowsApps;C:\Users\miguel\AppData\Local\Programs\Microsoft VS Code\bin;C:\Users\miguel\AppData\Roaming\nvm;C:\Program Files\nodejs;C:\Program Files\vtex\bin

Yarn version: 
  1.22.18

Node version: 
  16.15.0

Platform: 
  win32 x64

Trace: 
  Error: unable to verify the first certificate
      at TLSSocket.onConnectSecure (node:_tls_wrap:1532:34)
      at TLSSocket.emit (node:events:527:28)
      at TLSSocket._finishInit (node:_tls_wrap:946:8)
      at TLSWrap.ssl.onhandshakedone (node:_tls_wrap:727:12)

npm manifest: 
  {
    "scripts": {
      "test": "vtex-test-tools test"
    },
    "dependencies": {
      "@vtex/css-handles": "^1.0.0",
      "classnames": "^2.2.6",
      "ramda": "^0.26.1",
      "react": "^16.12.0",
      "react-apollo": "^3.1.3",
      "react-dom": "^16.12.0",
      "react-intl": "^3.12.0"
    },
    "devDependencies": {
      "@apollo/react-testing": "^3.1.3",
      "@types/classnames": "^2.2.7",
      "@types/jest": "^24.0.18",
      "@types/node": "^12.7.5",
      "@types/prop-types": "^15.7.0",
      "@types/ramda": "^0.26.5",
      "@types/react": "^16.9.31",
      "@vtex/test-tools": "^3.3.2",
      "@vtex/tsconfig": "^0.4.4",
      "apollo-cache-inmemory": "^1.6.5",
      "apollo-client": "^2.5.1",
      "graphql": "^14.6.0",
      "typescript": "3.9.7",
      "vtex.css-handles": "http://vtex.vtexassets.com/_v/public/typings/v1/vtex.css-handles@0.4.4/public/@types/vtex.css-handles",
      "vtex.render-runtime": "http://vtex.vtexassets.com/_v/public/typings/v1/vtex.render-runtime@8.120.0/public/@types/vtex.render-runtime",
      "vtex.styleguide": "http://vtex.vtexassets.com/_v/public/typings/v1/vtex.styleguide@9.129.0/public/@types/vtex.styleguide"
    }
  }

yarn manifest: 
  No manifest

Lockfile: 
  No lockfile
